# JRE version: OpenJDK Runtime Environment (8.0_76-b03) (build 1.8.0_76-release-b03)
# Java VM: OpenJDK 64-Bit Server VM (25.76-b03 mixed mode windows-amd64 compressed oops)
Heap:
 PSYoungGen      total 483840K, used 279891K [0x00000000e0000000, 0x0000000100000000, 0x0000000100000000)
  eden space 442368K, 63% used [0x00000000e0000000,0x00000000f1154d20,0x00000000fb000000)
  from space 41472K, 0% used [0x00000000fd780000,0x00000000fd780000,0x0000000100000000)
  to   space 40448K, 0% used [0x00000000fb000000,0x00000000fb000000,0x00000000fd780000)
 ParOldGen       total 147968K, used 55051K [0x00000000a0000000, 0x00000000a9080000, 0x00000000e0000000)
  object space 147968K, 37% used [0x00000000a0000000,0x00000000a35c2da8,0x00000000a9080000)
 Metaspace       used 71209K, capacity 74104K, committed 74288K, reserved 1114112K
  class space    used 9113K, capacity 9713K, committed 9776K, reserved 1048576K
GC Heap History (10 events):
Event: 147.298 GC heap before
{Heap before GC invocations=35 (full 5):
 PSYoungGen      total 414720K, used 10825K [0x00000000e0000000, 0x00000000fc000000, 0x0000000100000000)
  eden space 375808K, 0% used [0x00000000e0000000,0x00000000e0000000,0x00000000f6f00000)
  from space 38912K, 27% used [0x00000000f9a00000,0x00000000fa4925a8,0x00000000fc000000)
  to   space 41472K, 0% used [0x00000000f6f00000,0x00000000f6f00000,0x00000000f9780000)
 ParOldGen       total 132096K, used 124922K [0x00000000a0000000, 0x00000000a8100000, 0x00000000e0000000)
  object space 132096K, 94% used [0x00000000a0000000,0x00000000a79fe910,0x00000000a8100000)
 Metaspace       used 64752K, capacity 66574K, committed 66864K, reserved 1107968K
  class space    used 8210K, capacity 8633K, committed 8752K, reserved 1048576K
Event: 147.692 GC heap after
Heap after GC invocations=35 (full 5):
 PSYoungGen      total 414720K, used 0K [0x00000000e0000000, 0x00000000fc000000, 0x0000000100000000)
  eden space 375808K, 0% used [0x00000000e0000000,0x00000000e0000000,0x00000000f6f00000)
  from space 38912K, 0% used [0x00000000f9a00000,0x00000000f9a00000,0x00000000fc000000)
  to   space 41472K, 0% used [0x00000000f6f00000,0x00000000f6f00000,0x00000000f9780000)
 ParOldGen       total 147968K, used 66113K [0x00000000a0000000, 0x00000000a9080000, 0x00000000e0000000)
  object space 147968K, 44% used [0x00000000a0000000,0x00000000a40904f8,0x00000000a9080000)
 Metaspace       used 64752K, capacity 66574K, committed 66864K, reserved 1107968K
  class space    used 8210K, capacity 8633K, committed 8752K, reserved 1048576K
}
Event: 149.227 GC heap before
{Heap before GC invocations=36 (full 5):
 PSYoungGen      total 414720K, used 89282K [0x00000000e0000000, 0x00000000fc000000, 0x0000000100000000)
  eden space 375808K, 23% used [0x00000000e0000000,0x00000000e5730b68,0x00000000f6f00000)
  from space 38912K, 0% used [0x00000000f9a00000,0x00000000f9a00000,0x00000000fc000000)
  to   space 41472K, 0% used [0x00000000f6f00000,0x00000000f6f00000,0x00000000f9780000)
 ParOldGen       total 147968K, used 66113K [0x00000000a0000000, 0x00000000a9080000, 0x00000000e0000000)
  object space 147968K, 44% used [0x00000000a0000000,0x00000000a40904f8,0x00000000a9080000)
 Metaspace       used 66193K, capacity 68002K, committed 68272K, reserved 1107968K
  class space    used 8372K, capacity 8763K, committed 8880K, reserved 1048576K
Event: 149.238 GC heap after
Heap after GC invocations=36 (full 5):
 PSYoungGen      total 417280K, used 1391K [0x00000000e0000000, 0x0000000100000000, 0x0000000100000000)
  eden space 375808K, 0% used [0x00000000e0000000,0x00000000e0000000,0x00000000f6f00000)
  from space 41472K, 3% used [0x00000000f6f00000,0x00000000f705bfe8,0x00000000f9780000)
  to   space 41472K, 0% used [0x00000000fd780000,0x00000000fd780000,0x0000000100000000)
 ParOldGen       total 147968K, used 66113K [0x00000000a0000000, 0x00000000a9080000, 0x00000000e0000000)
  object space 147968K, 44% used [0x00000000a0000000,0x00000000a40904f8,0x00000000a9080000)
 Metaspace       used 66193K, capacity 68002K, committed 68272K, reserved 1107968K
  class space    used 8372K, capacity 8763K, committed 8880K, reserved 1048576K
}
Event: 149.238 GC heap before
{Heap before GC invocations=37 (full 6):
 PSYoungGen      total 417280K, used 1391K [0x00000000e0000000, 0x0000000100000000, 0x0000000100000000)
  eden space 375808K, 0% used [0x00000000e0000000,0x00000000e0000000,0x00000000f6f00000)
  from space 41472K, 3% used [0x00000000f6f00000,0x00000000f705bfe8,0x00000000f9780000)
  to   space 41472K, 0% used [0x00000000fd780000,0x00000000fd780000,0x0000000100000000)
 ParOldGen       total 147968K, used 66113K [0x00000000a0000000, 0x00000000a9080000, 0x00000000e0000000)
  object space 147968K, 44% used [0x00000000a0000000,0x00000000a40904f8,0x00000000a9080000)
 Metaspace       used 66193K, capacity 68002K, committed 68272K, reserved 1107968K
  class space    used 8372K, capacity 8763K, committed 8880K, reserved 1048576K
Event: 149.720 GC heap after
Heap after GC invocations=37 (full 6):
 PSYoungGen      total 417280K, used 0K [0x00000000e0000000, 0x0000000100000000, 0x0000000100000000)
  eden space 375808K, 0% used [0x00000000e0000000,0x00000000e0000000,0x00000000f6f00000)
  from space 41472K, 0% used [0x00000000f6f00000,0x00000000f6f00000,0x00000000f9780000)
  to   space 41472K, 0% used [0x00000000fd780000,0x00000000fd780000,0x0000000100000000)
 ParOldGen       total 147968K, used 37108K [0x00000000a0000000, 0x00000000a9080000, 0x00000000e0000000)
  object space 147968K, 25% used [0x00000000a0000000,0x00000000a243d190,0x00000000a9080000)
 Metaspace       used 66193K, capacity 68002K, committed 68272K, reserved 1107968K
  class space    used 8372K, capacity 8763K, committed 8880K, reserved 1048576K
}
Event: 1021.486 GC heap before
{Heap before GC invocations=38 (full 6):
 PSYoungGen      total 417280K, used 235891K [0x00000000e0000000, 0x0000000100000000, 0x0000000100000000)
  eden space 375808K, 62% used [0x00000000e0000000,0x00000000ee65ce08,0x00000000f6f00000)
  from space 41472K, 0% used [0x00000000f6f00000,0x00000000f6f00000,0x00000000f9780000)
  to   space 41472K, 0% used [0x00000000fd780000,0x00000000fd780000,0x0000000100000000)
 ParOldGen       total 147968K, used 37108K [0x00000000a0000000, 0x00000000a9080000, 0x00000000e0000000)
  object space 147968K, 25% used [0x00000000a0000000,0x00000000a243d190,0x00000000a9080000)
 Metaspace       used 70433K, capacity 73098K, committed 73264K, reserved 1112064K
  class space    used 9070K, capacity 9656K, committed 9776K, reserved 1048576K
Event: 1021.567 GC heap after
Heap after GC invocations=38 (full 6):
 PSYoungGen      total 483840K, used 19425K [0x00000000e0000000, 0x0000000100000000, 0x0000000100000000)
  eden space 442368K, 0% used [0x00000000e0000000,0x00000000e0000000,0x00000000fb000000)
  from space 41472K, 46% used [0x00000000fd780000,0x00000000fea78440,0x0000000100000000)
  to   space 40448K, 0% used [0x00000000fb000000,0x00000000fb000000,0x00000000fd780000)
 ParOldGen       total 147968K, used 37116K [0x00000000a0000000, 0x00000000a9080000, 0x00000000e0000000)
  object space 147968K, 25% used [0x00000000a0000000,0x00000000a243f190,0x00000000a9080000)
 Metaspace       used 70433K, capacity 73098K, committed 73264K, reserved 1112064K
  class space    used 9070K, capacity 9656K, committed 9776K, reserved 1048576K
}
Event: 1021.567 GC heap before
{Heap before GC invocations=39 (full 7):
 PSYoungGen      total 483840K, used 19425K [0x00000000e0000000, 0x0000000100000000, 0x0000000100000000)
  eden space 442368K, 0% used [0x00000000e0000000,0x00000000e0000000,0x00000000fb000000)
  from space 41472K, 46% used [0x00000000fd780000,0x00000000fea78440,0x0000000100000000)
  to   space 40448K, 0% used [0x00000000fb000000,0x00000000fb000000,0x00000000fd780000)
 ParOldGen       total 147968K, used 37116K [0x00000000a0000000, 0x00000000a9080000, 0x00000000e0000000)
  object space 147968K, 25% used [0x00000000a0000000,0x00000000a243f190,0x00000000a9080000)
 Metaspace       used 70433K, capacity 73098K, committed 73264K, reserved 1112064K
  class space    used 9070K, capacity 9656K, committed 9776K, reserved 1048576K
Event: 1022.234 GC heap after
Heap after GC invocations=39 (full 7):
 PSYoungGen      total 483840K, used 0K [0x00000000e0000000, 0x0000000100000000, 0x0000000100000000)
  eden space 442368K, 0% used [0x00000000e0000000,0x00000000e0000000,0x00000000fb000000)
  from space 41472K, 0% used [0x00000000fd780000,0x00000000fd780000,0x0000000100000000)
  to   space 40448K, 0% used [0x00000000fb000000,0x00000000fb000000,0x00000000fd780000)
 ParOldGen       total 147968K, used 55051K [0x00000000a0000000, 0x00000000a9080000, 0x00000000e0000000)
  object space 147968K, 37% used [0x00000000a0000000,0x00000000a35c2da8,0x00000000a9080000)
 Metaspace       used 70433K, capacity 73098K, committed 73264K, reserved 1112064K
  class space    used 9070K, capacity 9656K, committed 9776K, reserved 1048576K
}

