# JRE version: OpenJDK Runtime Environment (8.0_76-b03) (build 1.8.0_76-release-b03)
# Java VM: OpenJDK 64-Bit Server VM (25.76-b03 mixed mode windows-amd64 compressed oops)
Heap:
 PSYoungGen      total 143872K, used 125084K [0x00000000e0000000, 0x00000000e9d00000, 0x0000000100000000)
  eden space 132096K, 91% used [0x00000000e0000000,0x00000000e75fb278,0x00000000e8100000)
  from space 11776K, 36% used [0x00000000e9180000,0x00000000e95ac010,0x00000000e9d00000)
  to   space 14336K, 0% used [0x00000000e8100000,0x00000000e8100000,0x00000000e8f00000)
 ParOldGen       total 87552K, used 32844K [0x00000000a0000000, 0x00000000a5580000, 0x00000000e0000000)
  object space 87552K, 37% used [0x00000000a0000000,0x00000000a2013058,0x00000000a5580000)
 Metaspace       used 61090K, capacity 62590K, committed 62744K, reserved 1103872K
  class space    used 7843K, capacity 8159K, committed 8240K, reserved 1048576K
GC Heap History (10 events):
Event: 71.367 GC heap before
{Heap before GC invocations=24 (full 2):
 PSYoungGen      total 103424K, used 68603K [0x00000000e0000000, 0x00000000e8c00000, 0x0000000100000000)
  eden space 94208K, 63% used [0x00000000e0000000,0x00000000e3a01850,0x00000000e5c00000)
  from space 9216K, 99% used [0x00000000e5c00000,0x00000000e64fd530,0x00000000e6500000)
  to   space 14336K, 0% used [0x00000000e7e00000,0x00000000e7e00000,0x00000000e8c00000)
 ParOldGen       total 48128K, used 29940K [0x00000000a0000000, 0x00000000a2f00000, 0x00000000e0000000)
  object space 48128K, 62% used [0x00000000a0000000,0x00000000a1d3d2d8,0x00000000a2f00000)
 Metaspace       used 57643K, capacity 59018K, committed 59160K, reserved 1099776K
  class space    used 7561K, capacity 7889K, committed 7984K, reserved 1048576K
Event: 71.437 GC heap after
Heap after GC invocations=24 (full 2):
 PSYoungGen      total 128000K, used 9783K [0x00000000e0000000, 0x00000000e8d00000, 0x0000000100000000)
  eden space 113664K, 0% used [0x00000000e0000000,0x00000000e0000000,0x00000000e6f00000)
  from space 14336K, 68% used [0x00000000e7e00000,0x00000000e878ddb8,0x00000000e8c00000)
  to   space 15360K, 0% used [0x00000000e6f00000,0x00000000e6f00000,0x00000000e7e00000)
 ParOldGen       total 48128K, used 37140K [0x00000000a0000000, 0x00000000a2f00000, 0x00000000e0000000)
  object space 48128K, 77% used [0x00000000a0000000,0x00000000a24453c8,0x00000000a2f00000)
 Metaspace       used 57643K, capacity 59018K, committed 59160K, reserved 1099776K
  class space    used 7561K, capacity 7889K, committed 7984K, reserved 1048576K
}
Event: 71.437 GC heap before
{Heap before GC invocations=25 (full 3):
 PSYoungGen      total 128000K, used 9783K [0x00000000e0000000, 0x00000000e8d00000, 0x0000000100000000)
  eden space 113664K, 0% used [0x00000000e0000000,0x00000000e0000000,0x00000000e6f00000)
  from space 14336K, 68% used [0x00000000e7e00000,0x00000000e878ddb8,0x00000000e8c00000)
  to   space 15360K, 0% used [0x00000000e6f00000,0x00000000e6f00000,0x00000000e7e00000)
 ParOldGen       total 48128K, used 37140K [0x00000000a0000000, 0x00000000a2f00000, 0x00000000e0000000)
  object space 48128K, 77% used [0x00000000a0000000,0x00000000a24453c8,0x00000000a2f00000)
 Metaspace       used 57643K, capacity 59018K, committed 59160K, reserved 1099776K
  class space    used 7561K, capacity 7889K, committed 7984K, reserved 1048576K
Event: 72.135 GC heap after
Heap after GC invocations=25 (full 3):
 PSYoungGen      total 128000K, used 0K [0x00000000e0000000, 0x00000000e8d00000, 0x0000000100000000)
  eden space 113664K, 0% used [0x00000000e0000000,0x00000000e0000000,0x00000000e6f00000)
  from space 14336K, 0% used [0x00000000e7e00000,0x00000000e7e00000,0x00000000e8c00000)
  to   space 15360K, 0% used [0x00000000e6f00000,0x00000000e6f00000,0x00000000e7e00000)
 ParOldGen       total 87552K, used 38078K [0x00000000a0000000, 0x00000000a5580000, 0x00000000e0000000)
  object space 87552K, 43% used [0x00000000a0000000,0x00000000a252f8a0,0x00000000a5580000)
 Metaspace       used 57643K, capacity 59018K, committed 59160K, reserved 1099776K
  class space    used 7561K, capacity 7889K, committed 7984K, reserved 1048576K
}
Event: 72.888 GC heap before
{Heap before GC invocations=26 (full 3):
 PSYoungGen      total 128000K, used 11260K [0x00000000e0000000, 0x00000000e8d00000, 0x0000000100000000)
  eden space 113664K, 9% used [0x00000000e0000000,0x00000000e0aff200,0x00000000e6f00000)
  from space 14336K, 0% used [0x00000000e7e00000,0x00000000e7e00000,0x00000000e8c00000)
  to   space 15360K, 0% used [0x00000000e6f00000,0x00000000e6f00000,0x00000000e7e00000)
 ParOldGen       total 87552K, used 38078K [0x00000000a0000000, 0x00000000a5580000, 0x00000000e0000000)
  object space 87552K, 43% used [0x00000000a0000000,0x00000000a252f8a0,0x00000000a5580000)
 Metaspace       used 59360K, capacity 60764K, committed 60824K, reserved 1101824K
  class space    used 7757K, capacity 8084K, committed 8112K, reserved 1048576K
Event: 72.898 GC heap after
Heap after GC invocations=26 (full 3):
 PSYoungGen      total 129024K, used 1617K [0x00000000e0000000, 0x00000000ea000000, 0x0000000100000000)
  eden space 113664K, 0% used [0x00000000e0000000,0x00000000e0000000,0x00000000e6f00000)
  from space 15360K, 10% used [0x00000000e6f00000,0x00000000e70944d0,0x00000000e7e00000)
  to   space 14848K, 0% used [0x00000000e9180000,0x00000000e9180000,0x00000000ea000000)
 ParOldGen       total 87552K, used 38086K [0x00000000a0000000, 0x00000000a5580000, 0x00000000e0000000)
  object space 87552K, 43% used [0x00000000a0000000,0x00000000a25318a0,0x00000000a5580000)
 Metaspace       used 59360K, capacity 60764K, committed 60824K, reserved 1101824K
  class space    used 7757K, capacity 8084K, committed 8112K, reserved 1048576K
}
Event: 72.898 GC heap before
{Heap before GC invocations=27 (full 4):
 PSYoungGen      total 129024K, used 1617K [0x00000000e0000000, 0x00000000ea000000, 0x0000000100000000)
  eden space 113664K, 0% used [0x00000000e0000000,0x00000000e0000000,0x00000000e6f00000)
  from space 15360K, 10% used [0x00000000e6f00000,0x00000000e70944d0,0x00000000e7e00000)
  to   space 14848K, 0% used [0x00000000e9180000,0x00000000e9180000,0x00000000ea000000)
 ParOldGen       total 87552K, used 38086K [0x00000000a0000000, 0x00000000a5580000, 0x00000000e0000000)
  object space 87552K, 43% used [0x00000000a0000000,0x00000000a25318a0,0x00000000a5580000)
 Metaspace       used 59360K, capacity 60764K, committed 60824K, reserved 1101824K
  class space    used 7757K, capacity 8084K, committed 8112K, reserved 1048576K
Event: 73.317 GC heap after
Heap after GC invocations=27 (full 4):
 PSYoungGen      total 129024K, used 0K [0x00000000e0000000, 0x00000000ea000000, 0x0000000100000000)
  eden space 113664K, 0% used [0x00000000e0000000,0x00000000e0000000,0x00000000e6f00000)
  from space 15360K, 0% used [0x00000000e6f00000,0x00000000e6f00000,0x00000000e7e00000)
  to   space 14848K, 0% used [0x00000000e9180000,0x00000000e9180000,0x00000000ea000000)
 ParOldGen       total 87552K, used 32844K [0x00000000a0000000, 0x00000000a5580000, 0x00000000e0000000)
  object space 87552K, 37% used [0x00000000a0000000,0x00000000a2013058,0x00000000a5580000)
 Metaspace       used 59360K, capacity 60764K, committed 60824K, reserved 1101824K
  class space    used 7757K, capacity 8084K, committed 8112K, reserved 1048576K
}
Event: 138.809 GC heap before
{Heap before GC invocations=28 (full 4):
 PSYoungGen      total 129024K, used 113664K [0x00000000e0000000, 0x00000000ea000000, 0x0000000100000000)
  eden space 113664K, 100% used [0x00000000e0000000,0x00000000e6f00000,0x00000000e6f00000)
  from space 15360K, 0% used [0x00000000e6f00000,0x00000000e6f00000,0x00000000e7e00000)
  to   space 14848K, 0% used [0x00000000e9180000,0x00000000e9180000,0x00000000ea000000)
 ParOldGen       total 87552K, used 32844K [0x00000000a0000000, 0x00000000a5580000, 0x00000000e0000000)
  object space 87552K, 37% used [0x00000000a0000000,0x00000000a2013058,0x00000000a5580000)
 Metaspace       used 60011K, capacity 61506K, committed 61592K, reserved 1103872K
  class space    used 7781K, capacity 8105K, committed 8112K, reserved 1048576K
Event: 139.086 GC heap after
Heap after GC invocations=28 (full 4):
 PSYoungGen      total 143872K, used 4272K [0x00000000e0000000, 0x00000000e9d00000, 0x0000000100000000)
  eden space 132096K, 0% used [0x00000000e0000000,0x00000000e0000000,0x00000000e8100000)
  from space 11776K, 36% used [0x00000000e9180000,0x00000000e95ac010,0x00000000e9d00000)
  to   space 14336K, 0% used [0x00000000e8100000,0x00000000e8100000,0x00000000e8f00000)
 ParOldGen       total 87552K, used 32844K [0x00000000a0000000, 0x00000000a5580000, 0x00000000e0000000)
  object space 87552K, 37% used [0x00000000a0000000,0x00000000a2013058,0x00000000a5580000)
 Metaspace       used 60011K, capacity 61506K, committed 61592K, reserved 1103872K
  class space    used 7781K, capacity 8105K, committed 8112K, reserved 1048576K
}

