# JRE version: OpenJDK Runtime Environment (8.0_76-b03) (build 1.8.0_76-release-b03)
# Java VM: OpenJDK 64-Bit Server VM (25.76-b03 mixed mode windows-amd64 compressed oops)
Heap:
 PSYoungGen      total 453632K, used 200885K [0x00000000e0000000, 0x00000000fdc00000, 0x0000000100000000)
  eden space 419328K, 47% used [0x00000000e0000000,0x00000000ec42d430,0x00000000f9980000)
  from space 34304K, 0% used [0x00000000f9980000,0x00000000f9980000,0x00000000fbb00000)
  to   space 33792K, 0% used [0x00000000fbb00000,0x00000000fbb00000,0x00000000fdc00000)
 ParOldGen       total 161280K, used 56891K [0x00000000a0000000, 0x00000000a9d80000, 0x00000000e0000000)
  object space 161280K, 35% used [0x00000000a0000000,0x00000000a378ecc0,0x00000000a9d80000)
 Metaspace       used 70367K, capacity 73312K, committed 73472K, reserved 1114112K
  class space    used 9081K, capacity 9661K, committed 9728K, reserved 1048576K
GC Heap History (10 events):
Event: 936.770 GC heap before
{Heap before GC invocations=32 (full 5):
 PSYoungGen      total 370176K, used 363827K [0x00000000e0000000, 0x00000000f9d00000, 0x0000000100000000)
  eden space 353280K, 99% used [0x00000000e0000000,0x00000000f5849de8,0x00000000f5900000)
  from space 16896K, 66% used [0x00000000f8c80000,0x00000000f9782fb0,0x00000000f9d00000)
  to   space 34816K, 0% used [0x00000000f5900000,0x00000000f5900000,0x00000000f7b00000)
 ParOldGen       total 161280K, used 103866K [0x00000000a0000000, 0x00000000a9d80000, 0x00000000e0000000)
  object space 161280K, 64% used [0x00000000a0000000,0x00000000a656e9f0,0x00000000a9d80000)
 Metaspace       used 69482K, capacity 72096K, committed 72320K, reserved 1112064K
  class space    used 8986K, capacity 9561K, committed 9600K, reserved 1048576K
Event: 936.812 GC heap after
Heap after GC invocations=32 (full 5):
 PSYoungGen      total 388096K, used 8949K [0x00000000e0000000, 0x00000000fdc00000, 0x0000000100000000)
  eden space 353280K, 0% used [0x00000000e0000000,0x00000000e0000000,0x00000000f5900000)
  from space 34816K, 25% used [0x00000000f5900000,0x00000000f61bd638,0x00000000f7b00000)
  to   space 33792K, 0% used [0x00000000fbb00000,0x00000000fbb00000,0x00000000fdc00000)
 ParOldGen       total 161280K, used 107091K [0x00000000a0000000, 0x00000000a9d80000, 0x00000000e0000000)
  object space 161280K, 66% used [0x00000000a0000000,0x00000000a6894c10,0x00000000a9d80000)
 Metaspace       used 69482K, capacity 72096K, committed 72320K, reserved 1112064K
  class space    used 8986K, capacity 9561K, committed 9600K, reserved 1048576K
}
Event: 937.856 GC heap before
{Heap before GC invocations=33 (full 5):
 PSYoungGen      total 388096K, used 273328K [0x00000000e0000000, 0x00000000fdc00000, 0x0000000100000000)
  eden space 353280K, 74% used [0x00000000e0000000,0x00000000f022ea88,0x00000000f5900000)
  from space 34816K, 25% used [0x00000000f5900000,0x00000000f61bd638,0x00000000f7b00000)
  to   space 33792K, 0% used [0x00000000fbb00000,0x00000000fbb00000,0x00000000fdc00000)
 ParOldGen       total 161280K, used 107091K [0x00000000a0000000, 0x00000000a9d80000, 0x00000000e0000000)
  object space 161280K, 66% used [0x00000000a0000000,0x00000000a6894c10,0x00000000a9d80000)
 Metaspace       used 69618K, capacity 72308K, committed 72576K, reserved 1112064K
  class space    used 9001K, capacity 9563K, committed 9600K, reserved 1048576K
Event: 937.874 GC heap after
Heap after GC invocations=33 (full 5):
 PSYoungGen      total 453120K, used 149K [0x00000000e0000000, 0x00000000fdd00000, 0x0000000100000000)
  eden space 419328K, 0% used [0x00000000e0000000,0x00000000e0000000,0x00000000f9980000)
  from space 33792K, 0% used [0x00000000fbb00000,0x00000000fbb25578,0x00000000fdc00000)
  to   space 34304K, 0% used [0x00000000f9980000,0x00000000f9980000,0x00000000fbb00000)
 ParOldGen       total 161280K, used 109392K [0x00000000a0000000, 0x00000000a9d80000, 0x00000000e0000000)
  object space 161280K, 67% used [0x00000000a0000000,0x00000000a6ad43c0,0x00000000a9d80000)
 Metaspace       used 69618K, capacity 72308K, committed 72576K, reserved 1112064K
  class space    used 9001K, capacity 9563K, committed 9600K, reserved 1048576K
}
Event: 937.874 GC heap before
{Heap before GC invocations=34 (full 6):
 PSYoungGen      total 453120K, used 149K [0x00000000e0000000, 0x00000000fdd00000, 0x0000000100000000)
  eden space 419328K, 0% used [0x00000000e0000000,0x00000000e0000000,0x00000000f9980000)
  from space 33792K, 0% used [0x00000000fbb00000,0x00000000fbb25578,0x00000000fdc00000)
  to   space 34304K, 0% used [0x00000000f9980000,0x00000000f9980000,0x00000000fbb00000)
 ParOldGen       total 161280K, used 109392K [0x00000000a0000000, 0x00000000a9d80000, 0x00000000e0000000)
  object space 161280K, 67% used [0x00000000a0000000,0x00000000a6ad43c0,0x00000000a9d80000)
 Metaspace       used 69618K, capacity 72308K, committed 72576K, reserved 1112064K
  class space    used 9001K, capacity 9563K, committed 9600K, reserved 1048576K
Event: 939.043 GC heap after
Heap after GC invocations=34 (full 6):
 PSYoungGen      total 453120K, used 0K [0x00000000e0000000, 0x00000000fdd00000, 0x0000000100000000)
  eden space 419328K, 0% used [0x00000000e0000000,0x00000000e0000000,0x00000000f9980000)
  from space 33792K, 0% used [0x00000000fbb00000,0x00000000fbb00000,0x00000000fdc00000)
  to   space 34304K, 0% used [0x00000000f9980000,0x00000000f9980000,0x00000000fbb00000)
 ParOldGen       total 161280K, used 52761K [0x00000000a0000000, 0x00000000a9d80000, 0x00000000e0000000)
  object space 161280K, 32% used [0x00000000a0000000,0x00000000a33866b8,0x00000000a9d80000)
 Metaspace       used 69618K, capacity 72308K, committed 72576K, reserved 1112064K
  class space    used 9001K, capacity 9563K, committed 9600K, reserved 1048576K
}
Event: 1086.072 GC heap before
{Heap before GC invocations=35 (full 6):
 PSYoungGen      total 453120K, used 219649K [0x00000000e0000000, 0x00000000fdd00000, 0x0000000100000000)
  eden space 419328K, 52% used [0x00000000e0000000,0x00000000ed680658,0x00000000f9980000)
  from space 33792K, 0% used [0x00000000fbb00000,0x00000000fbb00000,0x00000000fdc00000)
  to   space 34304K, 0% used [0x00000000f9980000,0x00000000f9980000,0x00000000fbb00000)
 ParOldGen       total 161280K, used 52761K [0x00000000a0000000, 0x00000000a9d80000, 0x00000000e0000000)
  object space 161280K, 32% used [0x00000000a0000000,0x00000000a33866b8,0x00000000a9d80000)
 Metaspace       used 70129K, capacity 72982K, committed 73216K, reserved 1112064K
  class space    used 9057K, capacity 9630K, committed 9728K, reserved 1048576K
Event: 1086.098 GC heap after
Heap after GC invocations=35 (full 6):
 PSYoungGen      total 453632K, used 4528K [0x00000000e0000000, 0x00000000fdc00000, 0x0000000100000000)
  eden space 419328K, 0% used [0x00000000e0000000,0x00000000e0000000,0x00000000f9980000)
  from space 34304K, 13% used [0x00000000f9980000,0x00000000f9dec010,0x00000000fbb00000)
  to   space 33792K, 0% used [0x00000000fbb00000,0x00000000fbb00000,0x00000000fdc00000)
 ParOldGen       total 161280K, used 52769K [0x00000000a0000000, 0x00000000a9d80000, 0x00000000e0000000)
  object space 161280K, 32% used [0x00000000a0000000,0x00000000a33886b8,0x00000000a9d80000)
 Metaspace       used 70129K, capacity 72982K, committed 73216K, reserved 1112064K
  class space    used 9057K, capacity 9630K, committed 9728K, reserved 1048576K
}
Event: 1086.098 GC heap before
{Heap before GC invocations=36 (full 7):
 PSYoungGen      total 453632K, used 4528K [0x00000000e0000000, 0x00000000fdc00000, 0x0000000100000000)
  eden space 419328K, 0% used [0x00000000e0000000,0x00000000e0000000,0x00000000f9980000)
  from space 34304K, 13% used [0x00000000f9980000,0x00000000f9dec010,0x00000000fbb00000)
  to   space 33792K, 0% used [0x00000000fbb00000,0x00000000fbb00000,0x00000000fdc00000)
 ParOldGen       total 161280K, used 52769K [0x00000000a0000000, 0x00000000a9d80000, 0x00000000e0000000)
  object space 161280K, 32% used [0x00000000a0000000,0x00000000a33886b8,0x00000000a9d80000)
 Metaspace       used 70129K, capacity 72982K, committed 73216K, reserved 1112064K
  class space    used 9057K, capacity 9630K, committed 9728K, reserved 1048576K
Event: 1087.013 GC heap after
Heap after GC invocations=36 (full 7):
 PSYoungGen      total 453632K, used 0K [0x00000000e0000000, 0x00000000fdc00000, 0x0000000100000000)
  eden space 419328K, 0% used [0x00000000e0000000,0x00000000e0000000,0x00000000f9980000)
  from space 34304K, 0% used [0x00000000f9980000,0x00000000f9980000,0x00000000fbb00000)
  to   space 33792K, 0% used [0x00000000fbb00000,0x00000000fbb00000,0x00000000fdc00000)
 ParOldGen       total 161280K, used 56891K [0x00000000a0000000, 0x00000000a9d80000, 0x00000000e0000000)
  object space 161280K, 35% used [0x00000000a0000000,0x00000000a378ecc0,0x00000000a9d80000)
 Metaspace       used 70129K, capacity 72982K, committed 73216K, reserved 1112064K
  class space    used 9057K, capacity 9630K, committed 9728K, reserved 1048576K
}

