# JRE version: OpenJDK Runtime Environment (8.0_76-b03) (build 1.8.0_76-release-b03)
# Java VM: OpenJDK 64-Bit Server VM (25.76-b03 mixed mode windows-amd64 compressed oops)
Heap:
 PSYoungGen      total 489984K, used 372374K [0x00000000e0000000, 0x00000000ffc00000, 0x0000000100000000)
  eden space 463872K, 77% used [0x00000000e0000000,0x00000000f5f96370,0x00000000fc500000)
  from space 26112K, 47% used [0x00000000fe280000,0x00000000fee8f718,0x00000000ffc00000)
  to   space 28160K, 0% used [0x00000000fc500000,0x00000000fc500000,0x00000000fe080000)
 ParOldGen       total 154624K, used 74479K [0x00000000a0000000, 0x00000000a9700000, 0x00000000e0000000)
  object space 154624K, 48% used [0x00000000a0000000,0x00000000a48bbcf8,0x00000000a9700000)
 Metaspace       used 88007K, capacity 93810K, committed 94128K, reserved 1130496K
  class space    used 11458K, capacity 12567K, committed 12720K, reserved 1048576K
GC Heap History (10 events):
Event: 1130.586 GC heap before
{Heap before GC invocations=30 (full 9):
 PSYoungGen      total 482816K, used 27619K [0x00000000e0000000, 0x0000000100000000, 0x0000000100000000)
  eden space 455168K, 0% used [0x00000000e0000000,0x00000000e0000000,0x00000000fbc80000)
  from space 27648K, 99% used [0x00000000fbc80000,0x00000000fd778ee8,0x00000000fd780000)
  to   space 32256K, 0% used [0x00000000fe080000,0x00000000fe080000,0x0000000100000000)
 ParOldGen       total 154624K, used 90269K [0x00000000a0000000, 0x00000000a9700000, 0x00000000e0000000)
  object space 154624K, 58% used [0x00000000a0000000,0x00000000a5827540,0x00000000a9700000)
 Metaspace       used 77423K, capacity 82628K, committed 82864K, reserved 1120256K
  class space    used 10280K, capacity 11309K, committed 11440K, reserved 1048576K
Event: 1131.924 GC heap after
Heap after GC invocations=30 (full 9):
 PSYoungGen      total 482816K, used 0K [0x00000000e0000000, 0x0000000100000000, 0x0000000100000000)
  eden space 455168K, 0% used [0x00000000e0000000,0x00000000e0000000,0x00000000fbc80000)
  from space 27648K, 0% used [0x00000000fbc80000,0x00000000fbc80000,0x00000000fd780000)
  to   space 32256K, 0% used [0x00000000fe080000,0x00000000fe080000,0x0000000100000000)
 ParOldGen       total 154624K, used 103919K [0x00000000a0000000, 0x00000000a9700000, 0x00000000e0000000)
  object space 154624K, 67% used [0x00000000a0000000,0x00000000a657bee8,0x00000000a9700000)
 Metaspace       used 77421K, capacity 82622K, committed 82864K, reserved 1120256K
  class space    used 10279K, capacity 11308K, committed 11440K, reserved 1048576K
}
Event: 1195.808 GC heap before
{Heap before GC invocations=31 (full 9):
 PSYoungGen      total 482816K, used 455168K [0x00000000e0000000, 0x0000000100000000, 0x0000000100000000)
  eden space 455168K, 100% used [0x00000000e0000000,0x00000000fbc80000,0x00000000fbc80000)
  from space 27648K, 0% used [0x00000000fbc80000,0x00000000fbc80000,0x00000000fd780000)
  to   space 32256K, 0% used [0x00000000fe080000,0x00000000fe080000,0x0000000100000000)
 ParOldGen       total 154624K, used 103919K [0x00000000a0000000, 0x00000000a9700000, 0x00000000e0000000)
  object space 154624K, 67% used [0x00000000a0000000,0x00000000a657bee8,0x00000000a9700000)
 Metaspace       used 79016K, capacity 84646K, committed 84912K, reserved 1122304K
  class space    used 10470K, capacity 11575K, committed 11696K, reserved 1048576K
Event: 1195.866 GC heap after
Heap after GC invocations=31 (full 9):
 PSYoungGen      total 493568K, used 13105K [0x00000000e0000000, 0x0000000100000000, 0x0000000100000000)
  eden space 461312K, 0% used [0x00000000e0000000,0x00000000e0000000,0x00000000fc280000)
  from space 32256K, 40% used [0x00000000fe080000,0x00000000fed4c450,0x0000000100000000)
  to   space 30720K, 0% used [0x00000000fc280000,0x00000000fc280000,0x00000000fe080000)
 ParOldGen       total 154624K, used 103927K [0x00000000a0000000, 0x00000000a9700000, 0x00000000e0000000)
  object space 154624K, 67% used [0x00000000a0000000,0x00000000a657dee8,0x00000000a9700000)
 Metaspace       used 79016K, capacity 84646K, committed 84912K, reserved 1122304K
  class space    used 10470K, capacity 11575K, committed 11696K, reserved 1048576K
}
Event: 1744.548 GC heap before
{Heap before GC invocations=32 (full 9):
 PSYoungGen      total 493568K, used 215080K [0x00000000e0000000, 0x0000000100000000, 0x0000000100000000)
  eden space 461312K, 43% used [0x00000000e0000000,0x00000000ec53de30,0x00000000fc280000)
  from space 32256K, 40% used [0x00000000fe080000,0x00000000fed4c450,0x0000000100000000)
  to   space 30720K, 0% used [0x00000000fc280000,0x00000000fc280000,0x00000000fe080000)
 ParOldGen       total 154624K, used 103927K [0x00000000a0000000, 0x00000000a9700000, 0x00000000e0000000)
  object space 154624K, 67% used [0x00000000a0000000,0x00000000a657dee8,0x00000000a9700000)
 Metaspace       used 79369K, capacity 85100K, committed 85424K, reserved 1122304K
  class space    used 10499K, capacity 11594K, committed 11696K, reserved 1048576K
Event: 1745.848 GC heap after
Heap after GC invocations=32 (full 9):
 PSYoungGen      total 492032K, used 7259K [0x00000000e0000000, 0x00000000fff80000, 0x0000000100000000)
  eden space 461312K, 0% used [0x00000000e0000000,0x00000000e0000000,0x00000000fc280000)
  from space 30720K, 23% used [0x00000000fc280000,0x00000000fc996e38,0x00000000fe080000)
  to   space 29696K, 0% used [0x00000000fe280000,0x00000000fe280000,0x00000000fff80000)
 ParOldGen       total 154624K, used 103935K [0x00000000a0000000, 0x00000000a9700000, 0x00000000e0000000)
  object space 154624K, 67% used [0x00000000a0000000,0x00000000a657fee8,0x00000000a9700000)
 Metaspace       used 79369K, capacity 85100K, committed 85424K, reserved 1122304K
  class space    used 10499K, capacity 11594K, committed 11696K, reserved 1048576K
}
Event: 1745.848 GC heap before
{Heap before GC invocations=33 (full 10):
 PSYoungGen      total 492032K, used 7259K [0x00000000e0000000, 0x00000000fff80000, 0x0000000100000000)
  eden space 461312K, 0% used [0x00000000e0000000,0x00000000e0000000,0x00000000fc280000)
  from space 30720K, 23% used [0x00000000fc280000,0x00000000fc996e38,0x00000000fe080000)
  to   space 29696K, 0% used [0x00000000fe280000,0x00000000fe280000,0x00000000fff80000)
 ParOldGen       total 154624K, used 103935K [0x00000000a0000000, 0x00000000a9700000, 0x00000000e0000000)
  object space 154624K, 67% used [0x00000000a0000000,0x00000000a657fee8,0x00000000a9700000)
 Metaspace       used 79369K, capacity 85100K, committed 85424K, reserved 1122304K
  class space    used 10499K, capacity 11594K, committed 11696K, reserved 1048576K
Event: 1758.104 GC heap after
Heap after GC invocations=33 (full 10):
 PSYoungGen      total 492032K, used 0K [0x00000000e0000000, 0x00000000fff80000, 0x0000000100000000)
  eden space 461312K, 0% used [0x00000000e0000000,0x00000000e0000000,0x00000000fc280000)
  from space 30720K, 0% used [0x00000000fc280000,0x00000000fc280000,0x00000000fe080000)
  to   space 29696K, 0% used [0x00000000fe280000,0x00000000fe280000,0x00000000fff80000)
 ParOldGen       total 154624K, used 74471K [0x00000000a0000000, 0x00000000a9700000, 0x00000000e0000000)
  object space 154624K, 48% used [0x00000000a0000000,0x00000000a48b9cf8,0x00000000a9700000)
 Metaspace       used 78499K, capacity 83914K, committed 85424K, reserved 1122304K
  class space    used 10339K, capacity 11354K, committed 11696K, reserved 1048576K
}
Event: 3243.086 GC heap before
{Heap before GC invocations=34 (full 10):
 PSYoungGen      total 492032K, used 461312K [0x00000000e0000000, 0x00000000fff80000, 0x0000000100000000)
  eden space 461312K, 100% used [0x00000000e0000000,0x00000000fc280000,0x00000000fc280000)
  from space 30720K, 0% used [0x00000000fc280000,0x00000000fc280000,0x00000000fe080000)
  to   space 29696K, 0% used [0x00000000fe280000,0x00000000fe280000,0x00000000fff80000)
 ParOldGen       total 154624K, used 74471K [0x00000000a0000000, 0x00000000a9700000, 0x00000000e0000000)
  object space 154624K, 48% used [0x00000000a0000000,0x00000000a48b9cf8,0x00000000a9700000)
 Metaspace       used 84028K, capacity 89576K, committed 90032K, reserved 1126400K
  class space    used 10997K, capacity 12054K, committed 12208K, reserved 1048576K
Event: 3247.995 GC heap after
Heap after GC invocations=34 (full 10):
 PSYoungGen      total 489984K, used 12349K [0x00000000e0000000, 0x00000000ffc00000, 0x0000000100000000)
  eden space 463872K, 0% used [0x00000000e0000000,0x00000000e0000000,0x00000000fc500000)
  from space 26112K, 47% used [0x00000000fe280000,0x00000000fee8f718,0x00000000ffc00000)
  to   space 28160K, 0% used [0x00000000fc500000,0x00000000fc500000,0x00000000fe080000)
 ParOldGen       total 154624K, used 74479K [0x00000000a0000000, 0x00000000a9700000, 0x00000000e0000000)
  object space 154624K, 48% used [0x00000000a0000000,0x00000000a48bbcf8,0x00000000a9700000)
 Metaspace       used 84028K, capacity 89576K, committed 90032K, reserved 1126400K
  class space    used 10997K, capacity 12054K, committed 12208K, reserved 1048576K
}

